<?xml version="1.0" encoding="UTF-8"?>
<testsuite xmlns:xsi="http://www.w3.org/2001/XMLSchema-instance" xsi:noNamespaceSchemaLocation="https://maven.apache.org/surefire/maven-surefire-plugin/xsd/surefire-test-report-3.0.xsd" version="3.0" name="com.enviro.assessment.grad001.thandekancube.WasteManagementApplication.WasteCategoryTests.WasteCategoryControllerTests" time="1.515" tests="5" errors="0" skipped="0" failures="0">
  <properties>
[...]
</properties>
  <testcase name="testGetWasteCategoryByIdNotFound" classname="com.enviro.assessment.grad001.thandekancube.WasteManagementApplication.WasteCategoryTests.WasteCategoryControllerTests" time="0.021">
    <system-out><![CDATA[
  .   ____          _            __ _ _
 /\\ / ___'_ __ _ _(_)_ __  __ _ \ \ \ \
( ( )\___ | '_ | '_| | '_ \/ _` | \ \ \ \
 \\/  ___)| |_)| | | | | || (_| |  ) ) ) )
  '  |____| .__|_| |_|_| |_\__, | / / / /
 =========|_|==============|___/=/_/_/_/

 :: Spring Boot ::                (v3.3.1)

2024-07-03T22:33:46.951+02:00  INFO 9804 --- [WasteManagementApplication] [           main] e.a.g.t.W.W.WasteCategoryControllerTests : Starting WasteCategoryControllerTests using Java 17.0.8 with PID 9804 (started by Thandeka Ncube in C:\Users\Thandeka Ncube\Documents\Personal Projects\Waste-Management-Application\WasteManagementApplication)
2024-07-03T22:33:46.951+02:00  INFO 9804 --- [WasteManagementApplication] [           main] e.a.g.t.W.W.WasteCategoryControllerTests : No active profile set, falling back to 1 default profile: "default"
2024-07-03T22:33:47.394+02:00  INFO 9804 --- [WasteManagementApplication] [           main] .s.d.r.c.RepositoryConfigurationDelegate : Bootstrapping Spring Data JPA repositories in DEFAULT mode.
2024-07-03T22:33:47.424+02:00  INFO 9804 --- [WasteManagementApplication] [           main] .s.d.r.c.RepositoryConfigurationDelegate : Finished Spring Data repository scanning in 28 ms. Found 3 JPA repository interfaces.
2024-07-03T22:33:47.645+02:00  INFO 9804 --- [WasteManagementApplication] [           main] o.hibernate.jpa.internal.util.LogHelper  : HHH000204: Processing PersistenceUnitInfo [name: default]
2024-07-03T22:33:47.653+02:00  INFO 9804 --- [WasteManagementApplication] [           main] o.h.c.internal.RegionFactoryInitiator    : HHH000026: Second-level cache disabled
2024-07-03T22:33:47.679+02:00  INFO 9804 --- [WasteManagementApplication] [           main] o.s.o.j.p.SpringPersistenceUnitInfo      : No LoadTimeWeaver setup: ignoring JPA class transformer
2024-07-03T22:33:47.681+02:00  INFO 9804 --- [WasteManagementApplication] [           main] com.zaxxer.hikari.HikariDataSource       : HikariPool-5 - Starting...
2024-07-03T22:33:47.683+02:00  INFO 9804 --- [WasteManagementApplication] [           main] com.zaxxer.hikari.pool.HikariPool        : HikariPool-5 - Added connection conn40: url=jdbc:h2:mem:testdb user=SA
2024-07-03T22:33:47.684+02:00  INFO 9804 --- [WasteManagementApplication] [           main] com.zaxxer.hikari.HikariDataSource       : HikariPool-5 - Start completed.
2024-07-03T22:33:47.684+02:00  WARN 9804 --- [WasteManagementApplication] [           main] org.hibernate.orm.deprecation            : HHH90000025: H2Dialect does not need to be specified explicitly using 'hibernate.dialect' (remove the property setting and it will be selected by default)
2024-07-03T22:33:47.848+02:00  INFO 9804 --- [WasteManagementApplication] [           main] o.h.e.t.j.p.i.JtaPlatformInitiator       : HHH000489: No JTA platform available (set 'hibernate.transaction.jta.platform' to enable JTA platform integration)
2024-07-03T22:33:47.851+02:00  INFO 9804 --- [WasteManagementApplication] [           main] j.LocalContainerEntityManagerFactoryBean : Initialized JPA EntityManagerFactory for persistence unit 'default'
2024-07-03T22:33:48.042+02:00  WARN 9804 --- [WasteManagementApplication] [           main] JpaBaseConfiguration$JpaWebConfiguration : spring.jpa.open-in-view is enabled by default. Therefore, database queries may be performed during view rendering. Explicitly configure spring.jpa.open-in-view to disable this warning
2024-07-03T22:33:48.241+02:00  INFO 9804 --- [WasteManagementApplication] [           main] o.s.b.a.h2.H2ConsoleAutoConfiguration    : H2 console available at '/h2-console'. Database available at 'jdbc:h2:mem:testdb'
2024-07-03T22:33:48.280+02:00  INFO 9804 --- [WasteManagementApplication] [           main] o.s.b.t.m.w.SpringBootMockServletContext : Initializing Spring TestDispatcherServlet ''
2024-07-03T22:33:48.280+02:00  INFO 9804 --- [WasteManagementApplication] [           main] o.s.t.web.servlet.TestDispatcherServlet  : Initializing Servlet ''
2024-07-03T22:33:48.282+02:00  INFO 9804 --- [WasteManagementApplication] [           main] o.s.t.web.servlet.TestDispatcherServlet  : Completed initialization in 2 ms
2024-07-03T22:33:48.300+02:00  INFO 9804 --- [WasteManagementApplication] [           main] e.a.g.t.W.W.WasteCategoryControllerTests : Started WasteCategoryControllerTests in 1.404 seconds (process running for 34.751)
]]></system-out>
  </testcase>
  <testcase name="testGetWasteCategoryById" classname="com.enviro.assessment.grad001.thandekancube.WasteManagementApplication.WasteCategoryTests.WasteCategoryControllerTests" time="0.015"/>
  <testcase name="testUpdateWasteCategoryById" classname="com.enviro.assessment.grad001.thandekancube.WasteManagementApplication.WasteCategoryTests.WasteCategoryControllerTests" time="0.014"/>
  <testcase name="testGetAllWasteCategories" classname="com.enviro.assessment.grad001.thandekancube.WasteManagementApplication.WasteCategoryTests.WasteCategoryControllerTests" time="0.014"/>
  <testcase name="testGetAllWasteCategoriesEmpty" classname="com.enviro.assessment.grad001.thandekancube.WasteManagementApplication.WasteCategoryTests.WasteCategoryControllerTests" time="0.008"/>
</testsuite>